<?xml version="1.0" encoding="UTF-8"?>
<testsuite xmlns:xsi="http://www.w3.org/2001/XMLSchema-instance" xsi:noNamespaceSchemaLocation="https://maven.apache.org/surefire/maven-surefire-plugin/xsd/surefire-test-report.xsd" name="RunnerClass.RunCuke" time="34.447" tests="39" errors="0" skipped="0" failures="0">
  <properties>
[...]
</properties>
  <testcase name="Given I am on Home page" classname="Scenario: 1. User should navigate to Login page successfully" time="0.002"/>
  <testcase name="When I click on Login Link" classname="Scenario: 1. User should navigate to Login page successfully" time="0"/>
  <testcase name="Then I should navigate to Login page successfully" classname="Scenario: 1. User should navigate to Login page successfully" time="0"/>
  <testcase name="Scenario: 1. User should navigate to Login page successfully" classname="Scenario: 1. User should navigate to Login page successfully" time="0.655"/>
  <testcase name="Given I am on Home page" classname="Scenario: 2. User should Login successfully with valid credentials" time="0"/>
  <testcase name="When I click on Login Link" classname="Scenario: 2. User should Login successfully with valid credentials" time="0"/>
  <testcase name="And I enter email as &quot;Abc@yahoo.co.in&quot;" classname="Scenario: 2. User should Login successfully with valid credentials" time="0"/>
  <testcase name="And I enter password as  &quot;abcd123&quot;" classname="Scenario: 2. User should Login successfully with valid credentials" time="0"/>
  <testcase name="And I click on Login button" classname="Scenario: 2. User should Login successfully with valid credentials" time="0"/>
  <testcase name="Then I should Login successfully" classname="Scenario: 2. User should Login successfully with valid credentials" time="0"/>
  <testcase name="Scenario: 2. User should Login successfully with valid credentials" classname="Scenario: 2. User should Login successfully with valid credentials" time="0.626"/>
  <testcase name="Given I am on Home page" classname="| ram444@yahoo.com | london4 |" time="0"/>
  <testcase name="When I click on Login Link" classname="| ram444@yahoo.com | london4 |" time="0"/>
  <testcase name="And I enter email as &quot;ram444@yahoo.com&quot;" classname="| ram444@yahoo.com | london4 |" time="0"/>
  <testcase name="And I enter password as  &quot;london4&quot;" classname="| ram444@yahoo.com | london4 |" time="0"/>
  <testcase name="Then I click on Login button" classname="| ram444@yahoo.com | london4 |" time="0"/>
  <testcase name="Then I should Login successfully" classname="| ram444@yahoo.com | london4 |" time="0"/>
  <testcase name="| ram444@yahoo.com | london4 |" classname="| ram444@yahoo.com | london4 |" time="0.734"/>
  <testcase name="Given I am on Home page" classname="| ram555@yahoo.com | london5 |" time="0"/>
  <testcase name="When I click on Login Link" classname="| ram555@yahoo.com | london5 |" time="0"/>
  <testcase name="And I enter email as &quot;ram555@yahoo.com&quot;" classname="| ram555@yahoo.com | london5 |" time="0"/>
  <testcase name="And I enter password as  &quot;london5&quot;" classname="| ram555@yahoo.com | london5 |" time="0"/>
  <testcase name="Then I click on Login button" classname="| ram555@yahoo.com | london5 |" time="0"/>
  <testcase name="Then I should Login successfully" classname="| ram555@yahoo.com | london5 |" time="0"/>
  <testcase name="| ram555@yahoo.com | london5 |" classname="| ram555@yahoo.com | london5 |" time="0.728"/>
  <testcase name="Given I am on Home page" classname="| xyz13@gmail.com | abc123 |" time="0"/>
  <testcase name="When I click on Login Link" classname="| xyz13@gmail.com | abc123 |" time="0"/>
  <testcase name="And I enter email as &quot;xyz13@gmail.com&quot;" classname="| xyz13@gmail.com | abc123 |" time="0"/>
  <testcase name="And I enter password as  &quot;abc123&quot;" classname="| xyz13@gmail.com | abc123 |" time="0"/>
  <testcase name="Then I click on Login button" classname="| xyz13@gmail.com | abc123 |" time="0"/>
  <testcase name="Then I should Login successfully" classname="| xyz13@gmail.com | abc123 |" time="0"/>
  <testcase name="| xyz13@gmail.com | abc123 |" classname="| xyz13@gmail.com | abc123 |" time="0.745"/>
  <testcase name="Given I am on Home page" classname="| xyz1@gmail.com | abc1234 |" time="0"/>
  <testcase name="When I click on Login Link" classname="| xyz1@gmail.com | abc1234 |" time="0"/>
  <testcase name="And I enter email as &quot;xyz1@gmail.com&quot;" classname="| xyz1@gmail.com | abc1234 |" time="0"/>
  <testcase name="And I enter password as  &quot;abc1234&quot;" classname="| xyz1@gmail.com | abc1234 |" time="0"/>
  <testcase name="Then I click on Login button" classname="| xyz1@gmail.com | abc1234 |" time="0"/>
  <testcase name="Then I should Login successfully" classname="| xyz1@gmail.com | abc1234 |" time="0"/>
  <testcase name="| xyz1@gmail.com | abc1234 |" classname="| xyz1@gmail.com | abc1234 |" time="0.619"/>
</testsuite>